TN:
SF:src/services/allocation.ts
FN:8,(anonymous_0)
FN:14,(anonymous_1)
FN:16,(anonymous_2)
FN:19,(anonymous_3)
FN:30,(anonymous_4)
FN:52,(anonymous_5)
FN:63,(anonymous_6)
FNF:7
FNH:7
FNDA:13,(anonymous_0)
FNDA:13,(anonymous_1)
FNDA:18,(anonymous_2)
FNDA:29,(anonymous_3)
FNDA:12,(anonymous_4)
FNDA:12,(anonymous_5)
FNDA:1030,(anonymous_6)
DA:1,2
DA:8,2
DA:9,13
DA:10,13
DA:11,13
DA:12,13
DA:14,13
DA:15,13
DA:16,13
DA:17,18
DA:18,18
DA:19,29
DA:22,18
DA:23,18
DA:26,13
DA:27,3
DA:30,10
DA:31,12
DA:36,3
DA:37,3
DA:40,9
DA:43,10
DA:44,10
DA:46,10
DA:47,10
DA:49,10
DA:52,13
DA:53,12
DA:57,12
DA:58,1018
DA:59,519
DA:60,519
DA:61,519
DA:62,519
DA:63,519
DA:65,1030
DA:68,1030
DA:73,519
DA:78,1018
DA:85,13
DA:90,2
LF:41
LH:41
BRDA:26,0,0,3
BRDA:31,1,0,3
BRDA:32,2,0,12
BRDA:32,2,1,9
BRDA:32,2,2,5
BRDA:58,3,0,519
BRDA:68,4,0,17
BRDA:68,4,1,1013
BRDA:73,5,0,13
BRDA:73,5,1,506
BRDA:79,6,0,510
BRDA:79,6,1,508
BRF:12
BRH:12
end_of_record
TN:
SF:src/types/allocation.types.ts
FNF:0
FNH:0
DA:3,2
LF:1
LH:1
BRF:0
BRH:0
end_of_record
